<?xml version="1.0" encoding="UTF-8"?>
<!-- Generated by org.testng.reporters.JUnitReportReporter -->
<testsuite hostname="DESKTOP-A8J8QC4" failures="0" tests="1" name="com.crm.compaign.CreateCompaignWithIntegrationTest" time="48.275" errors="0" timestamp="2022-10-12T08:52:59 IST" skipped="0">
  <testcase classname="com.crm.compaign.CreateCompaignWithIntegrationTest" name="createCompaignWithIntegrationTest" time="48.275"/>
  <system-out/>
</testsuite> <!-- com.crm.compaign.CreateCompaignWithIntegrationTest -->
