<?xml version="1.0" encoding="UTF-8"?>
<!-- Generated by org.testng.reporters.JUnitReportReporter -->
<testsuite hostname="DESKTOP-A8J8QC4" failures="0" tests="1" name="com.crm.product.CreateCampignWithProductTest" time="35.938" errors="0" timestamp="2022-10-06T11:53:54 IST" skipped="0">
  <testcase classname="com.crm.product.CreateCampignWithProductTest" name="createCampignWithProductTest" time="35.938"/>
  <system-out/>
</testsuite> <!-- com.crm.product.CreateCampignWithProductTest -->
