<?xml version="1.0" encoding="UTF-8"?>
<!-- Generated by org.testng.reporters.JUnitReportReporter -->
<testsuite hostname="DESKTOP-A8J8QC4" failures="0" tests="1" name="com.crm.product.CreateProductTest" time="16.262" errors="0" timestamp="2022-10-10T15:36:54 IST" skipped="0">
  <testcase classname="com.crm.product.CreateProductTest" name="createProductTest" time="16.262"/>
  <system-out/>
</testsuite> <!-- com.crm.product.CreateProductTest -->
