<?xml version="1.0" encoding="UTF-8"?>
<!-- Generated by org.testng.reporters.JUnitReportReporter -->
<testsuite hostname="DESKTOP-A8J8QC4" failures="0" tests="3" name="pratice.Simple2Test" time="0.013" errors="0" timestamp="2022-10-04T11:40:56 IST" skipped="0">
  <testcase classname="pratice.Simple2Test" name="modifyCustomerTest" time="0.002"/>
  <system-out/>
  <testcase classname="pratice.Simple2Test" name="deleteCustomerTest" time="0.002"/>
  <system-out/>
  <testcase classname="pratice.Simple2Test" name="createCustomerTest" time="0.009"/>
  <system-out/>
</testsuite> <!-- pratice.Simple2Test -->
