<?xml version="1.0" encoding="UTF-8"?>
<!-- Generated by org.testng.reporters.JUnitReportReporter -->
<testsuite hostname="DESKTOP-A8J8QC4" failures="0" tests="3" name="pratice.Dataprovider" time="33.876" errors="0" timestamp="2022-10-14T12:40:15 IST" skipped="0">
  <testcase classname="pratice.Dataprovider" name="companyDetails" time="11.131"/>
  <system-out/>
  <testcase classname="pratice.Dataprovider" name="companyDetails" time="10.984"/>
  <system-out/>
  <testcase classname="pratice.Dataprovider" name="companyDetails" time="11.761"/>
  <system-out/>
</testsuite> <!-- pratice.Dataprovider -->
