<?xml version="1.0" encoding="UTF-8"?>
<!-- Generated by org.testng.reporters.JUnitReportReporter -->
<testsuite hostname="DESKTOP-A8J8QC4" failures="0" tests="1" name="com.crm.compaign.CreateCompaign" time="36.051" errors="0" timestamp="2022-10-04T11:48:24 IST" skipped="0">
  <testcase classname="com.crm.compaign.CreateCompaign" name="createCompaign" time="36.051"/>
  <system-out/>
</testsuite> <!-- com.crm.compaign.CreateCompaign -->
