<?xml version="1.0" encoding="UTF-8"?>
<!-- Generated by org.testng.reporters.JUnitReportReporter -->
<testsuite hostname="DESKTOP-A8J8QC4" failures="0" tests="5" name="pratice.DataProviderTest" time="0.016" errors="0" timestamp="2022-10-10T15:49:36 IST" skipped="0">
  <testcase classname="pratice.DataProviderTest" name="bookTicket" time="0.003"/>
  <system-out/>
  <testcase classname="pratice.DataProviderTest" name="bookTicket" time="0.007"/>
  <system-out/>
  <testcase classname="pratice.DataProviderTest" name="bookTicket" time="0.003"/>
  <system-out/>
  <testcase classname="pratice.DataProviderTest" name="bookTicket" time="0.002"/>
  <system-out/>
  <testcase classname="pratice.DataProviderTest" name="bookTicket" time="0.001"/>
  <system-out/>
</testsuite> <!-- pratice.DataProviderTest -->
