<?xml version="1.0" encoding="UTF-8"?>
<!-- Generated by org.testng.reporters.JUnitReportReporter -->
<testsuite hostname="DESKTOP-A8J8QC4" failures="0" tests="1" name="com.crm.compaign.CreateCompaignWithIntegration" time="16.625" errors="0" timestamp="2022-10-04T11:50:23 IST" skipped="0">
  <testcase classname="com.crm.compaign.CreateCompaignWithIntegration" name="createCompaignWithIntegration" time="16.625"/>
  <system-out/>
</testsuite> <!-- com.crm.compaign.CreateCompaignWithIntegration -->
